<?xml version="1.0" encoding="UTF-8"?>
<!-- Generated by org.testng.reporters.JUnitReportReporter -->
<testsuite skipped="0" hostname="LAPTOP-OQ1VQTOM" name="Academy.EEProject.HomePage" tests="2" failures="0" timestamp="2021-11-03T11:33:11 IST" time="8.009" errors="0">
  <testcase name="basePageNavigation" time="3.465" classname="Academy.EEProject.HomePage"/>
  <system-out/>
  <testcase name="basePageNavigation" time="4.544" classname="Academy.EEProject.HomePage"/>
  <system-out/>
</testsuite> <!-- Academy.EEProject.HomePage -->
