<?xml version="1.0" encoding="UTF-8"?>
<!-- Generated by org.testng.reporters.JUnitReportReporter -->
<testsuite skipped="0" hostname="LAPTOP-OQ1VQTOM" name="Academy.EEProject.validateNavigationBar" tests="1" failures="0" timestamp="2021-11-03T11:33:11 IST" time="0.133" errors="0">
  <testcase name="validateAppNavBar" time="0.133" classname="Academy.EEProject.validateNavigationBar"/>
  <system-out/>
</testsuite> <!-- Academy.EEProject.validateNavigationBar -->
